<?xml version="1.0" encoding="utf-8"?>
<shfbBuild product="Sandcastle Help File Builder and Tools" version="2015.10.10.0" projectFile="C:\Users\Zippy\Videos\Visual Studio 2015\Projects\OrionX\OrionX-SHFB.shfbproj" started="7/01/2016 3:20:32 PM">
<buildStep step="Initializing">
Finding tools...
The Sandcastle tools are located in &#39;C:\Program Files (x86)\EWSoftware\Sandcastle Help File Builder\&#39;
Searching for HTML Help 1 compiler...
Found HTML Help 1 compiler in &#39;C:\Program Files (x86)\HTML Help Workshop\&#39;
Locating components in the following folder(s):
    C:\Users\Zippy\Videos\Visual Studio 2015\Projects\OrionX
    C:\ProgramData\EWSoftware\Sandcastle Help File Builder\Components and Plug-Ins\
    C:\Program Files (x86)\EWSoftware\Sandcastle Help File Builder\
Framework reflection data location: C:\Program Files (x86)\EWSoftware\Sandcastle Help File Builder\Data\.NETFramework
Using presentation style &#39;VS2013&#39; located in &#39;C:\Program Files (x86)\EWSoftware\Sandcastle Help File Builder\PresentationStyles\VS2013&#39;
Loading and initializing plug-ins...
Assembly Binding Redirection Version 2015.10.10.0
Copyright &#169; 2006-2015, Eric Woodruff, All Rights Reserved
Lightweight Website Style Version 2015.10.10.0
Copyright &#169; 2006-2015, Eric Woodruff, All Rights Reserved
Portions Copyright &#169; 2014, Sam Harwell, All Rights Reserved
</buildStep>
<buildStep step="ValidatingDocumentationSources">
Validating and copying documentation source information
Source: C:\Users\Zippy\Videos\Visual Studio 2015\Projects\OrionX\OrionX.sln
    Found project &#39;C:\Users\Zippy\Videos\Visual Studio 2015\Projects\OrionX\OrionX\OrionX.csproj&#39;
    Found project &#39;C:\Users\Zippy\Videos\Visual Studio 2015\Projects\OrionX\OrionX.Physics\OrionX.Physics.csproj&#39;
    Found project &#39;C:\Users\Zippy\Videos\Visual Studio 2015\Projects\OrionX\OrionX.Audio\OrionX.Audio.csproj&#39;
    Found project &#39;C:\Users\Zippy\Videos\Visual Studio 2015\Projects\OrionX\OrionX.Input\OrionX.Input.csproj&#39;
    Found project &#39;C:\Users\Zippy\Videos\Visual Studio 2015\Projects\OrionX\OrionX.Content\OrionX.Content.csproj&#39;
    Found project &#39;C:\Users\Zippy\Videos\Visual Studio 2015\Projects\OrionX\OrionX.API\OrionX.API.csproj&#39;
    Found project &#39;C:\Users\Zippy\Videos\Visual Studio 2015\Projects\OrionX\OrionX.Data\OrionX.Data.csproj&#39;
    Found project &#39;C:\Users\Zippy\Videos\Visual Studio 2015\Projects\OrionX\OrionX.Game\OrionX.Game.csproj&#39;
    Found project &#39;C:\Users\Zippy\Videos\Visual Studio 2015\Projects\OrionX\OrionX.Math\OrionX.Math.csproj&#39;
    Found project &#39;C:\Users\Zippy\Videos\Visual Studio 2015\Projects\OrionX\OrionX.Library\OrionX.Library.csproj&#39;
    Found project &#39;C:\Users\Zippy\Videos\Visual Studio 2015\Projects\OrionX\OrionX.Network\OrionX.Network.csproj&#39;
    Found project &#39;C:\Users\Zippy\Videos\Visual Studio 2015\Projects\OrionX\OrionX.Tests\OrionX.Tests.csproj&#39;
Source: C:\Users\Zippy\Videos\Visual Studio 2015\Projects\OrionX\OrionX.API\OrionX.API.csproj
    Ignoring duplicate project file &#39;C:\Users\Zippy\Videos\Visual Studio 2015\Projects\OrionX\OrionX.API\OrionX.API.csproj&#39;
Source: C:\Users\Zippy\Videos\Visual Studio 2015\Projects\OrionX\OrionX.Audio\OrionX.Audio.csproj
    Ignoring duplicate project file &#39;C:\Users\Zippy\Videos\Visual Studio 2015\Projects\OrionX\OrionX.Audio\OrionX.Audio.csproj&#39;
Source: C:\Users\Zippy\Videos\Visual Studio 2015\Projects\OrionX\OrionX.Content\OrionX.Content.csproj
    Ignoring duplicate project file &#39;C:\Users\Zippy\Videos\Visual Studio 2015\Projects\OrionX\OrionX.Content\OrionX.Content.csproj&#39;
Source: C:\Users\Zippy\Videos\Visual Studio 2015\Projects\OrionX\OrionX.Data\OrionX.Data.csproj
    Ignoring duplicate project file &#39;C:\Users\Zippy\Videos\Visual Studio 2015\Projects\OrionX\OrionX.Data\OrionX.Data.csproj&#39;
Source: C:\Users\Zippy\Videos\Visual Studio 2015\Projects\OrionX\OrionX.Game\OrionX.Game.csproj
    Ignoring duplicate project file &#39;C:\Users\Zippy\Videos\Visual Studio 2015\Projects\OrionX\OrionX.Game\OrionX.Game.csproj&#39;
Source: C:\Users\Zippy\Videos\Visual Studio 2015\Projects\OrionX\OrionX.Input\OrionX.Input.csproj
    Ignoring duplicate project file &#39;C:\Users\Zippy\Videos\Visual Studio 2015\Projects\OrionX\OrionX.Input\OrionX.Input.csproj&#39;
Source: C:\Users\Zippy\Videos\Visual Studio 2015\Projects\OrionX\OrionX.Library\OrionX.Library.csproj
    Ignoring duplicate project file &#39;C:\Users\Zippy\Videos\Visual Studio 2015\Projects\OrionX\OrionX.Library\OrionX.Library.csproj&#39;
Source: C:\Users\Zippy\Videos\Visual Studio 2015\Projects\OrionX\OrionX.Math\OrionX.Math.csproj
    Ignoring duplicate project file &#39;C:\Users\Zippy\Videos\Visual Studio 2015\Projects\OrionX\OrionX.Math\OrionX.Math.csproj&#39;
Source: C:\Users\Zippy\Videos\Visual Studio 2015\Projects\OrionX\OrionX.Network\OrionX.Network.csproj
    Ignoring duplicate project file &#39;C:\Users\Zippy\Videos\Visual Studio 2015\Projects\OrionX\OrionX.Network\OrionX.Network.csproj&#39;
Source: C:\Users\Zippy\Videos\Visual Studio 2015\Projects\OrionX\OrionX.Physics\OrionX.Physics.csproj
    Ignoring duplicate project file &#39;C:\Users\Zippy\Videos\Visual Studio 2015\Projects\OrionX\OrionX.Physics\OrionX.Physics.csproj&#39;
Source: C:\Users\Zippy\Videos\Visual Studio 2015\Projects\OrionX\OrionX\OrionX.csproj
    Ignoring duplicate project file &#39;C:\Users\Zippy\Videos\Visual Studio 2015\Projects\OrionX\OrionX\OrionX.csproj&#39;
Source: C:\Users\Zippy\Videos\Visual Studio 2015\Projects\OrionX\OrionX.Tests\OrionX.Tests.csproj
    Ignoring duplicate project file &#39;C:\Users\Zippy\Videos\Visual Studio 2015\Projects\OrionX\OrionX.Tests\OrionX.Tests.csproj&#39;

Parsing project files
    Found assembly &#39;C:\Users\Zippy\Videos\Visual Studio 2015\Projects\OrionX\OrionX\bin\x64\Debug\OrionX.dll&#39;
    Found assembly &#39;C:\Users\Zippy\Videos\Visual Studio 2015\Projects\OrionX\OrionX.Physics\bin\x64\Debug\OrionX.Physics.dll&#39;
    Found assembly &#39;C:\Users\Zippy\Videos\Visual Studio 2015\Projects\OrionX\OrionX.Audio\bin\x64\Debug\OrionX.Audio.dll&#39;
    Found assembly &#39;C:\Users\Zippy\Videos\Visual Studio 2015\Projects\OrionX\OrionX.Input\bin\x64\Debug\OrionX.Input.dll&#39;
    Found assembly &#39;C:\Users\Zippy\Videos\Visual Studio 2015\Projects\OrionX\OrionX.Content\bin\x64\Debug\OrionX.Content.dll&#39;
    Found assembly &#39;C:\Users\Zippy\Videos\Visual Studio 2015\Projects\OrionX\OrionX.API\bin\x64\Debug\OrionX.API.dll&#39;
    Found assembly &#39;C:\Users\Zippy\Videos\Visual Studio 2015\Projects\OrionX\OrionX.Data\bin\x64\Debug\OrionX.Data.dll&#39;
    Found assembly &#39;C:\Users\Zippy\Videos\Visual Studio 2015\Projects\OrionX\OrionX.Game\bin\x64\Debug\OrionX.Game.dll&#39;
    Found assembly &#39;C:\Users\Zippy\Videos\Visual Studio 2015\Projects\OrionX\OrionX.Math\bin\x64\Debug\OrionX.Math.dll&#39;
    Found assembly &#39;C:\Users\Zippy\Videos\Visual Studio 2015\Projects\OrionX\OrionX.Library\bin\x64\Debug\OrionX.Library.dll&#39;
    Found assembly &#39;C:\Users\Zippy\Videos\Visual Studio 2015\Projects\OrionX\OrionX.Network\bin\x64\Debug\OrionX.Network.dll&#39;
    Found assembly &#39;C:\Users\Zippy\Videos\Visual Studio 2015\Projects\OrionX\OrionX.Tests\bin\x64\Debug\OrionX.Tests.exe&#39;

References to include (excluding framework assemblies):
    MonoGame.Framework
    MonoGame.Framework, Version=3.5.0.1079, Culture=neutral, processorArchitecture=MSIL

Copying XML comments files
    C:\Users\Zippy\Videos\Visual Studio 2015\Projects\OrionX\OrionX\bin\x64\Debug\comments.XML -&gt; C:\Users\Zippy\Videos\Visual Studio 2015\Projects\OrionX\Help\Working\comments.XML
SHFB: Warning BE0063: &#39;C:\Users\Zippy\Videos\Visual Studio 2015\Projects\OrionX\OrionX.Physics\bin\x64\Debug\comments.XML&#39; matches a previously copied comments filename.  The duplicate will be copied to a unique name to preserve the comments it contains.
    C:\Users\Zippy\Videos\Visual Studio 2015\Projects\OrionX\OrionX.Physics\bin\x64\Debug\comments.XML -&gt; C:\Users\Zippy\Videos\Visual Studio 2015\Projects\OrionX\Help\Working\{409d453f-89d6-4df0-a51e-b750ab486e63}
SHFB: Warning BE0063: &#39;C:\Users\Zippy\Videos\Visual Studio 2015\Projects\OrionX\OrionX.Audio\bin\x64\Debug\comments.XML&#39; matches a previously copied comments filename.  The duplicate will be copied to a unique name to preserve the comments it contains.
    C:\Users\Zippy\Videos\Visual Studio 2015\Projects\OrionX\OrionX.Audio\bin\x64\Debug\comments.XML -&gt; C:\Users\Zippy\Videos\Visual Studio 2015\Projects\OrionX\Help\Working\{7122eeb2-adf4-48a1-af56-74113b9d3e33}
SHFB: Warning BE0063: &#39;C:\Users\Zippy\Videos\Visual Studio 2015\Projects\OrionX\OrionX.Input\bin\x64\Debug\comments.XML&#39; matches a previously copied comments filename.  The duplicate will be copied to a unique name to preserve the comments it contains.
    C:\Users\Zippy\Videos\Visual Studio 2015\Projects\OrionX\OrionX.Input\bin\x64\Debug\comments.XML -&gt; C:\Users\Zippy\Videos\Visual Studio 2015\Projects\OrionX\Help\Working\{0d03c5db-7e8b-43fb-aeb4-38cfa2876cfc}
SHFB: Warning BE0063: &#39;C:\Users\Zippy\Videos\Visual Studio 2015\Projects\OrionX\OrionX.API\bin\x64\Debug\comments.XML&#39; matches a previously copied comments filename.  The duplicate will be copied to a unique name to preserve the comments it contains.
    C:\Users\Zippy\Videos\Visual Studio 2015\Projects\OrionX\OrionX.API\bin\x64\Debug\comments.XML -&gt; C:\Users\Zippy\Videos\Visual Studio 2015\Projects\OrionX\Help\Working\{b1266f7f-a2bc-4c9a-bf47-37bdcb6fb866}
SHFB: Warning BE0063: &#39;C:\Users\Zippy\Videos\Visual Studio 2015\Projects\OrionX\OrionX.Data\bin\x64\Debug\comments.XML&#39; matches a previously copied comments filename.  The duplicate will be copied to a unique name to preserve the comments it contains.
    C:\Users\Zippy\Videos\Visual Studio 2015\Projects\OrionX\OrionX.Data\bin\x64\Debug\comments.XML -&gt; C:\Users\Zippy\Videos\Visual Studio 2015\Projects\OrionX\Help\Working\{30afb4fd-aee5-4e50-b9d7-9d5d9c4f98de}
SHFB: Warning BE0063: &#39;C:\Users\Zippy\Videos\Visual Studio 2015\Projects\OrionX\OrionX.Game\bin\x64\Debug\comments.XML&#39; matches a previously copied comments filename.  The duplicate will be copied to a unique name to preserve the comments it contains.
    C:\Users\Zippy\Videos\Visual Studio 2015\Projects\OrionX\OrionX.Game\bin\x64\Debug\comments.XML -&gt; C:\Users\Zippy\Videos\Visual Studio 2015\Projects\OrionX\Help\Working\{7c98e7cb-9b22-48df-b7be-8f49b41cbaa8}
SHFB: Warning BE0063: &#39;C:\Users\Zippy\Videos\Visual Studio 2015\Projects\OrionX\OrionX.Math\bin\x64\Debug\comments.XML&#39; matches a previously copied comments filename.  The duplicate will be copied to a unique name to preserve the comments it contains.
    C:\Users\Zippy\Videos\Visual Studio 2015\Projects\OrionX\OrionX.Math\bin\x64\Debug\comments.XML -&gt; C:\Users\Zippy\Videos\Visual Studio 2015\Projects\OrionX\Help\Working\{546cc9a9-edc8-448b-b9fe-785e2344ab67}
SHFB: Warning BE0063: &#39;C:\Users\Zippy\Videos\Visual Studio 2015\Projects\OrionX\OrionX.Library\bin\x64\Debug\comments.XML&#39; matches a previously copied comments filename.  The duplicate will be copied to a unique name to preserve the comments it contains.
    C:\Users\Zippy\Videos\Visual Studio 2015\Projects\OrionX\OrionX.Library\bin\x64\Debug\comments.XML -&gt; C:\Users\Zippy\Videos\Visual Studio 2015\Projects\OrionX\Help\Working\{67fc44b5-1d5b-4181-9691-4ace000d8024}
SHFB: Warning BE0063: &#39;C:\Users\Zippy\Videos\Visual Studio 2015\Projects\OrionX\OrionX.Network\bin\x64\Debug\comments.XML&#39; matches a previously copied comments filename.  The duplicate will be copied to a unique name to preserve the comments it contains.
    C:\Users\Zippy\Videos\Visual Studio 2015\Projects\OrionX\OrionX.Network\bin\x64\Debug\comments.XML -&gt; C:\Users\Zippy\Videos\Visual Studio 2015\Projects\OrionX\Help\Working\{a37dadab-e2ce-4087-bc33-40fe3397818a}
SHFB: Warning BE0063: &#39;C:\Users\Zippy\Videos\Visual Studio 2015\Projects\OrionX\OrionX.Tests\bin\x64\Debug\comments.XML&#39; matches a previously copied comments filename.  The duplicate will be copied to a unique name to preserve the comments it contains.
    C:\Users\Zippy\Videos\Visual Studio 2015\Projects\OrionX\OrionX.Tests\bin\x64\Debug\comments.XML -&gt; C:\Users\Zippy\Videos\Visual Studio 2015\Projects\OrionX\Help\Working\{367d0f03-9404-483f-94c3-30d0b54b8362}
</buildStep>
<buildStep step="GenerateSharedContent">
Generating shared content files (en-US, English (United States))...
<plugIn name="Lightweight Website Style" behavior="After" priority="1000">
</plugIn>    Last step completed in 00:00:00.0390
</buildStep>
<buildStep step="GenerateApiFilter">
Generating API filter for MRefBuilder...
    Last step completed in 00:00:00.0090
</buildStep>
<buildStep step="GenerateReflectionInfo">
Generating reflection information...
<plugIn name="Assembly Binding Redirection" behavior="Before" priority="1000">
Adding ignored assembly names to assembly resolver configuration:
    BusinessObjects.Licensing.KeycodeDecoder
    Microsoft.VisualStudio.TestTools.UITest.Playback
    System.Runtime
    Windows
</plugIn>[C:\Windows\Microsoft.NET\Framework64\v4.0.30319\MSBuild.exe - GenerateRefInfo.proj]
Build started 7/01/2016 3:20:37 PM.
Project &quot;C:\Users\Zippy\Videos\Visual Studio 2015\Projects\OrionX\Help\Working\GenerateRefInfo.proj&quot; on node 1 (default targets).
PrepareForBuild:
  Creating directory &quot;obj\Debug\&quot;.
GenerateRefInfo:
  MRefBuilder (v2015.10.10.0)
  Copyright &#184; 2006-2015, Microsoft Corporation, All Rights Reserved.
  Portions Copyright &#184; 2006-2015, Eric Woodruff, All Rights Reserved.
  Loaded 12 assemblies for reflection and 2 dependency assemblies.
MRefBuilder : warning : Ignoring unresolved assembly reference: System.Runtime (System.Runtime, Version=4.0.10.0, Culture=neutral, PublicKeyToken=b03f5f7f11d50a3a) required by MonoGame.Framework [C:\Users\Zippy\Videos\Visual Studio 2015\Projects\OrionX\Help\Working\GenerateRefInfo.proj]
MRefBuilder : warning : Ignoring unresolved assembly reference: Windows (Windows, Version=255.255.255.255, Culture=neutral, PublicKeyToken=null) required by MonoGame.Framework [C:\Users\Zippy\Videos\Visual Studio 2015\Projects\OrionX\Help\Working\GenerateRefInfo.proj]
  Wrote information on 24 namespaces, 37 types, and 152 members
  Copying file from &quot;reflection.org&quot; to &quot;reflection.all&quot;.
  XslTransform (v2015.10.10.0)
  Copyright &#184; 2006-2015, Microsoft Corporation, All Rights Reserved.
  Portions Copyright &#184; 2006-2015, Eric Woodruff, All Rights Reserved.
  Applying XSL transformation &#39;C:\Program Files (x86)\EWSoftware\Sandcastle Help File Builder\ProductionTransforms\MergeDuplicates.xsl&#39;.
Done Building Project &quot;C:\Users\Zippy\Videos\Visual Studio 2015\Projects\OrionX\Help\Working\GenerateRefInfo.proj&quot; (default targets).

Build succeeded.

Time Elapsed 00:00:02.07
    Last step completed in 00:00:02.6382
</buildStep>
<buildStep step="TransformReflectionInfo">
Transforming reflection output...
[C:\Windows\Microsoft.NET\Framework64\v4.0.30319\MSBuild.exe - TransformManifest.proj]
Build started 7/01/2016 3:20:39 PM.
Project &quot;C:\Users\Zippy\Videos\Visual Studio 2015\Projects\OrionX\Help\Working\TransformManifest.proj&quot; on node 1 (default targets).
TransformManifest:
  XslTransform (v2015.10.10.0)
  Copyright &#184; 2006-2015, Microsoft Corporation, All Rights Reserved.
  Portions Copyright &#184; 2006-2015, Eric Woodruff, All Rights Reserved.
  Applying XSL transformation &#39;C:\Program Files (x86)\EWSoftware\Sandcastle Help File Builder\\ProductionTransforms\ApplyVSDocModel.xsl&#39;.
  Copying file from &quot;reflection.xml&quot; to &quot;reflection.nofilenames&quot;.
  XslTransform (v2015.10.10.0)
  Copyright &#184; 2006-2015, Microsoft Corporation, All Rights Reserved.
  Portions Copyright &#184; 2006-2015, Eric Woodruff, All Rights Reserved.
  Applying XSL transformation &#39;C:\Program Files (x86)\EWSoftware\Sandcastle Help File Builder\ProductionTransforms\AddFilenames.xsl&#39;.
  XslTransform (v2015.10.10.0)
  Copyright &#184; 2006-2015, Microsoft Corporation, All Rights Reserved.
  Portions Copyright &#184; 2006-2015, Eric Woodruff, All Rights Reserved.
  Applying XSL transformation &#39;C:\Program Files (x86)\EWSoftware\Sandcastle Help File Builder\ProductionTransforms\ReflectionToManifest.xsl&#39;.
Done Building Project &quot;C:\Users\Zippy\Videos\Visual Studio 2015\Projects\OrionX\Help\Working\TransformManifest.proj&quot; (default targets).

Build succeeded.

Time Elapsed 00:00:01.29
    Last step completed in 00:00:01.6901
</buildStep>
<buildStep step="GenerateNamespaceSummaries">
Generating namespace summary information...
    Last step completed in 00:00:00.0320
</buildStep>
<buildStep step="CopyAdditionalContent">
Copying additional content files...
No additional content to copy
    Last step completed in 00:00:00.0040
</buildStep>
<buildStep step="MergeTablesOfContents">
Merging conceptual and additional tables of contents...
    Last step completed in 00:00:00.0010
</buildStep>
<buildStep step="GenerateIntermediateTableOfContents">
Generating intermediate table of contents file...
[C:\Windows\Microsoft.NET\Framework64\v4.0.30319\MSBuild.exe - GenerateIntermediateTOC.proj]
Build started 7/01/2016 3:20:41 PM.
Project &quot;C:\Users\Zippy\Videos\Visual Studio 2015\Projects\OrionX\Help\Working\GenerateIntermediateTOC.proj&quot; on node 1 (default targets).
GenerateIntermediateTOC:
  XslTransform (v2015.10.10.0)
  Copyright &#184; 2006-2015, Microsoft Corporation, All Rights Reserved.
  Portions Copyright &#184; 2006-2015, Eric Woodruff, All Rights Reserved.
  Applying XSL transformation &#39;C:\Program Files (x86)\EWSoftware\Sandcastle Help File Builder\\ProductionTransforms\CreateVSToc.xsl&#39;.
Done Building Project &quot;C:\Users\Zippy\Videos\Visual Studio 2015\Projects\OrionX\Help\Working\GenerateIntermediateTOC.proj&quot; (default targets).

Build succeeded.

Time Elapsed 00:00:00.79
Generating conceptual content intermediate TOC file...
    Last step completed in 00:00:01.2501
</buildStep>
<buildStep step="CreateBuildAssemblerConfigs">
Creating Sandcastle configuration files...
    sandcastle.config
    Last step completed in 00:00:00.1660
</buildStep>
<buildStep step="MergeCustomConfigs">
Merging custom build component configurations
C:\Users\Zippy\Videos\Visual Studio 2015\Projects\OrionX\Help\Working\sandcastle.config
    Last step completed in 00:00:00.0070
</buildStep>
<buildStep step="BuildReferenceTopics">
Building reference help topics...
[C:\Windows\Microsoft.NET\Framework64\v4.0.30319\MSBuild.exe - BuildReferenceTopics.proj]
Build started 7/01/2016 3:20:43 PM.
Project &quot;C:\Users\Zippy\Videos\Visual Studio 2015\Projects\OrionX\Help\Working\BuildReferenceTopics.proj&quot; on node 1 (default targets).
BuildReferenceTopics:
  BuildAssembler (v2015.10.10.0)
  Copyright &#184; 2006-2015, Microsoft Corporation, All Rights Reserved.
  Portions Copyright &#184; 2006-2015, Eric Woodruff, All Rights Reserved.
  Loading configuration...
  Processing topics...
BuildAssembler : warning : ShowMissingComponent: [N:OrionX] Missing &lt;summary&gt; documentation [C:\Users\Zippy\Videos\Visual Studio 2015\Projects\OrionX\Help\Working\BuildReferenceTopics.proj]
BuildAssembler : warning : ShowMissingComponent: [N:OrionX.API] Missing &lt;summary&gt; documentation [C:\Users\Zippy\Videos\Visual Studio 2015\Projects\OrionX\Help\Working\BuildReferenceTopics.proj]
BuildAssembler : warning : ShowMissingComponent: [N:OrionX.Audio] Missing &lt;summary&gt; documentation [C:\Users\Zippy\Videos\Visual Studio 2015\Projects\OrionX\Help\Working\BuildReferenceTopics.proj]
BuildAssembler : warning : ShowMissingComponent: [N:OrionX.Audio.Sound] Missing &lt;summary&gt; documentation [C:\Users\Zippy\Videos\Visual Studio 2015\Projects\OrionX\Help\Working\BuildReferenceTopics.proj]
BuildAssembler : warning : ShowMissingComponent: [N:OrionX.Content] Missing &lt;summary&gt; documentation [C:\Users\Zippy\Videos\Visual Studio 2015\Projects\OrionX\Help\Working\BuildReferenceTopics.proj]
BuildAssembler : warning : ShowMissingComponent: [T:OrionX.Content.Content] Missing &lt;summary&gt; documentation [C:\Users\Zippy\Videos\Visual Studio 2015\Projects\OrionX\Help\Working\BuildReferenceTopics.proj]
BuildAssembler : warning : ShowMissingComponent: [N:OrionX.Content.Game] Missing &lt;summary&gt; documentation [C:\Users\Zippy\Videos\Visual Studio 2015\Projects\OrionX\Help\Working\BuildReferenceTopics.proj]
BuildAssembler : warning : ShowMissingComponent: [T:OrionX.Content.Game.ContentType] Missing &lt;summary&gt; documentation [C:\Users\Zippy\Videos\Visual Studio 2015\Projects\OrionX\Help\Working\BuildReferenceTopics.proj]
BuildAssembler : warning : ShowMissingComponent: [T:OrionX.Content.Game.SpriteContent] Missing &lt;summary&gt; documentation [C:\Users\Zippy\Videos\Visual Studio 2015\Projects\OrionX\Help\Working\BuildReferenceTopics.proj]
BuildAssembler : warning : ShowMissingComponent: [M:OrionX.Content.Game.SpriteContent.ContentLocation(System.String,System.String)] Missing &lt;summary&gt; documentation [C:\Users\Zippy\Videos\Visual Studio 2015\Projects\OrionX\Help\Working\BuildReferenceTopics.proj]
BuildAssembler : warning : ShowMissingComponent: [M:OrionX.Content.Game.SpriteContent.ContentLocation(System.String,System.String)] Missing &lt;returns&gt; documentation [C:\Users\Zippy\Videos\Visual Studio 2015\Projects\OrionX\Help\Working\BuildReferenceTopics.proj]
BuildAssembler : warning : ShowMissingComponent: [M:OrionX.Content.Game.SpriteContent.ContentLocation(System.String,System.String)] Missing &lt;param name=&quot;location&quot;/&gt; documentation [C:\Users\Zippy\Videos\Visual Studio 2015\Projects\OrionX\Help\Working\BuildReferenceTopics.proj]
BuildAssembler : warning : ShowMissingComponent: [M:OrionX.Content.Game.SpriteContent.ContentLocation(System.String,System.String)] Missing &lt;param name=&quot;filename&quot;/&gt; documentation [C:\Users\Zippy\Videos\Visual Studio 2015\Projects\OrionX\Help\Working\BuildReferenceTopics.proj]
BuildAssembler : warning : ShowMissingComponent: [N:OrionX.Content.Game.File] Missing &lt;summary&gt; documentation [C:\Users\Zippy\Videos\Visual Studio 2015\Projects\OrionX\Help\Working\BuildReferenceTopics.proj]
BuildAssembler : warning : ShowMissingComponent: [T:OrionX.Content.Game.File.FileType] Missing &lt;summary&gt; documentation [C:\Users\Zippy\Videos\Visual Studio 2015\Projects\OrionX\Help\Working\BuildReferenceTopics.proj]
BuildAssembler : warning : ShowMissingComponent: [M:OrionX.Content.Game.File.FileType.#ctor(OrionX.Content.Game.File.FileTypes,System.Boolean)] Missing &lt;param name=&quot;fileType&quot;/&gt; documentation [C:\Users\Zippy\Videos\Visual Studio 2015\Projects\OrionX\Help\Working\BuildReferenceTopics.proj]
BuildAssembler : warning : ShowMissingComponent: [M:OrionX.Content.Game.File.FileType.#ctor(OrionX.Content.Game.File.FileTypes,System.Boolean)] Missing &lt;param name=&quot;isAllowed&quot;/&gt; documentation [C:\Users\Zippy\Videos\Visual Studio 2015\Projects\OrionX\Help\Working\BuildReferenceTopics.proj]
BuildAssembler : warning : ShowMissingComponent: [P:OrionX.Content.Game.File.FileType.FileTypes] Missing &lt;summary&gt; documentation [C:\Users\Zippy\Videos\Visual Studio 2015\Projects\OrionX\Help\Working\BuildReferenceTopics.proj]
BuildAssembler : warning : ShowMissingComponent: [P:OrionX.Content.Game.File.FileType.IsAllowed] Missing &lt;summary&gt; documentation [C:\Users\Zippy\Videos\Visual Studio 2015\Projects\OrionX\Help\Working\BuildReferenceTopics.proj]
BuildAssembler : warning : ShowMissingComponent: [T:OrionX.Content.Game.File.FileTypes] Missing &lt;summary&gt; documentation [C:\Users\Zippy\Videos\Visual Studio 2015\Projects\OrionX\Help\Working\BuildReferenceTopics.proj]
BuildAssembler : warning : ShowMissingComponent: [N:OrionX.Data] Missing &lt;summary&gt; documentation [C:\Users\Zippy\Videos\Visual Studio 2015\Projects\OrionX\Help\Working\BuildReferenceTopics.proj]
BuildAssembler : warning : ShowMissingComponent: [N:OrionX.Data.Linq.XML] Missing &lt;summary&gt; documentation [C:\Users\Zippy\Videos\Visual Studio 2015\Projects\OrionX\Help\Working\BuildReferenceTopics.proj]
BuildAssembler : warning : ShowMissingComponent: [N:OrionX.Data.Linq.XML.Load] Missing &lt;summary&gt; documentation [C:\Users\Zippy\Videos\Visual Studio 2015\Projects\OrionX\Help\Working\BuildReferenceTopics.proj]
BuildAssembler : warning : ShowMissingComponent: [N:OrionX.Data.Linq.XML.Read] Missing &lt;summary&gt; documentation [C:\Users\Zippy\Videos\Visual Studio 2015\Projects\OrionX\Help\Working\BuildReferenceTopics.proj]
BuildAssembler : warning : ShowMissingComponent: [N:OrionX.Game] Missing &lt;summary&gt; documentation [C:\Users\Zippy\Videos\Visual Studio 2015\Projects\OrionX\Help\Working\BuildReferenceTopics.proj]
BuildAssembler : warning : ShowMissingComponent: [N:OrionX.Game.Entity] Missing &lt;summary&gt; documentation [C:\Users\Zippy\Videos\Visual Studio 2015\Projects\OrionX\Help\Working\BuildReferenceTopics.proj]
BuildAssembler : warning : ShowMissingComponent: [N:OrionX.Game.Util] Missing &lt;summary&gt; documentation [C:\Users\Zippy\Videos\Visual Studio 2015\Projects\OrionX\Help\Working\BuildReferenceTopics.proj]
BuildAssembler : warning : ShowMissingComponent: [M:OrionX.Game.Util.GameServices.AddService``1(``0)] Missing &lt;typeparam name=&quot;T&quot;/&gt; documentation [C:\Users\Zippy\Videos\Visual Studio 2015\Projects\OrionX\Help\Working\BuildReferenceTopics.proj]
BuildAssembler : warning : ShowMissingComponent: [M:OrionX.Game.Util.GameServices.GetService``1] Missing &lt;typeparam name=&quot;T&quot;/&gt; documentation [C:\Users\Zippy\Videos\Visual Studio 2015\Projects\OrionX\Help\Working\BuildReferenceTopics.proj]
BuildAssembler : warning : ShowMissingComponent: [M:OrionX.Game.Util.GameServices.RemoveService``1] Missing &lt;typeparam name=&quot;T&quot;/&gt; documentation [C:\Users\Zippy\Videos\Visual Studio 2015\Projects\OrionX\Help\Working\BuildReferenceTopics.proj]
BuildAssembler : warning : ShowMissingComponent: [N:OrionX.Input] Missing &lt;summary&gt; documentation [C:\Users\Zippy\Videos\Visual Studio 2015\Projects\OrionX\Help\Working\BuildReferenceTopics.proj]
BuildAssembler : warning : ShowMissingComponent: [N:OrionX.Input.Enumeration] Missing &lt;summary&gt; documentation [C:\Users\Zippy\Videos\Visual Studio 2015\Projects\OrionX\Help\Working\BuildReferenceTopics.proj]
BuildAssembler : warning : ShowMissingComponent: [N:OrionX.Input.GamePad] Missing &lt;summary&gt; documentation [C:\Users\Zippy\Videos\Visual Studio 2015\Projects\OrionX\Help\Working\BuildReferenceTopics.proj]
BuildAssembler : warning : ShowMissingComponent: [N:OrionX.Input.Keyboard] Missing &lt;summary&gt; documentation [C:\Users\Zippy\Videos\Visual Studio 2015\Projects\OrionX\Help\Working\BuildReferenceTopics.proj]
BuildAssembler : warning : ShowMissingComponent: [N:OrionX.Library] Missing &lt;summary&gt; documentation [C:\Users\Zippy\Videos\Visual Studio 2015\Projects\OrionX\Help\Working\BuildReferenceTopics.proj]
BuildAssembler : warning : ShowMissingComponent: [N:OrionX.Math] Missing &lt;summary&gt; documentation [C:\Users\Zippy\Videos\Visual Studio 2015\Projects\OrionX\Help\Working\BuildReferenceTopics.proj]
BuildAssembler : warning : ShowMissingComponent: [N:OrionX.Math.Time] Missing &lt;summary&gt; documentation [C:\Users\Zippy\Videos\Visual Studio 2015\Projects\OrionX\Help\Working\BuildReferenceTopics.proj]
BuildAssembler : warning : ShowMissingComponent: [N:OrionX.Network] Missing &lt;summary&gt; documentation [C:\Users\Zippy\Videos\Visual Studio 2015\Projects\OrionX\Help\Working\BuildReferenceTopics.proj]
BuildAssembler : warning : ShowMissingComponent: [N:OrionX.Physics] Missing &lt;summary&gt; documentation [C:\Users\Zippy\Videos\Visual Studio 2015\Projects\OrionX\Help\Working\BuildReferenceTopics.proj]
BuildAssembler : warning : ShowMissingComponent: [N:OrionX.Tests] Missing &lt;summary&gt; documentation [C:\Users\Zippy\Videos\Visual Studio 2015\Projects\OrionX\Help\Working\BuildReferenceTopics.proj]
BuildAssembler : warning : ResolveReferenceLinksComponent: [T:OrionX.Tests.Game1] MSDN URL not found for target &#39;P:Microsoft.Xna.Framework.Game.MaxElapsedTime&#39;. [C:\Users\Zippy\Videos\Visual Studio 2015\Projects\OrionX\Help\Working\BuildReferenceTopics.proj]
BuildAssembler : warning : ResolveReferenceLinksComponent: [T:OrionX.Tests.Game1] MSDN URL not found for target &#39;P:Microsoft.Xna.Framework.Game.PreviousExecutionState&#39;. [C:\Users\Zippy\Videos\Visual Studio 2015\Projects\OrionX\Help\Working\BuildReferenceTopics.proj]
BuildAssembler : warning : ResolveReferenceLinksComponent: [T:OrionX.Tests.Game1] MSDN URL not found for target &#39;M:Microsoft.Xna.Framework.Game.Run(Microsoft.Xna.Framework.GameRunBehavior)&#39;. [C:\Users\Zippy\Videos\Visual Studio 2015\Projects\OrionX\Help\Working\BuildReferenceTopics.proj]
BuildAssembler : warning : ResolveReferenceLinksComponent: [T:OrionX.Tests.Game1] MSDN URL not found for target &#39;E:Microsoft.Xna.Framework.Game.ApplicationViewChanged&#39;. [C:\Users\Zippy\Videos\Visual Studio 2015\Projects\OrionX\Help\Working\BuildReferenceTopics.proj]
BuildAssembler : warning : ResolveReferenceLinksComponent: [Methods.T:OrionX.Tests.Game1] MSDN URL not found for target &#39;M:Microsoft.Xna.Framework.Game.Run(Microsoft.Xna.Framework.GameRunBehavior)&#39;. [C:\Users\Zippy\Videos\Visual Studio 2015\Projects\OrionX\Help\Working\BuildReferenceTopics.proj]
BuildAssembler : warning : ResolveReferenceLinksComponent: [Properties.T:OrionX.Tests.Game1] MSDN URL not found for target &#39;P:Microsoft.Xna.Framework.Game.MaxElapsedTime&#39;. [C:\Users\Zippy\Videos\Visual Studio 2015\Projects\OrionX\Help\Working\BuildReferenceTopics.proj]
BuildAssembler : warning : ResolveReferenceLinksComponent: [Properties.T:OrionX.Tests.Game1] MSDN URL not found for target &#39;P:Microsoft.Xna.Framework.Game.PreviousExecutionState&#39;. [C:\Users\Zippy\Videos\Visual Studio 2015\Projects\OrionX\Help\Working\BuildReferenceTopics.proj]
BuildAssembler : warning : ResolveReferenceLinksComponent: [Events.T:OrionX.Tests.Game1] MSDN URL not found for target &#39;E:Microsoft.Xna.Framework.Game.ApplicationViewChanged&#39;. [C:\Users\Zippy\Videos\Visual Studio 2015\Projects\OrionX\Help\Working\BuildReferenceTopics.proj]
  Processed 236 topic(s)
  48 warning(s)
  CopyFromIndexComponent: &quot;reflection&quot; in-memory cache entries used: 2 of 15.
  CopyFromIndexComponent: &quot;comments&quot; in-memory cache entries used: 13 of 30.
Done Building Project &quot;C:\Users\Zippy\Videos\Visual Studio 2015\Projects\OrionX\Help\Working\BuildReferenceTopics.proj&quot; (default targets).

Build succeeded.

Time Elapsed 00:00:20.86
    Last step completed in 00:00:21.3632
</buildStep>
<buildStep step="CombiningIntermediateTocFiles">
Combining conceptual and API intermediate TOC files...
    Last step completed in 00:00:00.0030
</buildStep>
<buildStep step="ExtractingHtmlInfo">
Extracting HTML info for HTML Help 1 and/or website...
[C:\Windows\Microsoft.NET\Framework64\v4.0.30319\MSBuild.exe - ExtractHtmlInfo.proj]
Sandcastle Help File Builder and Tools, version 2015.10.10.0
Copyright &#184; 2006-2015, Eric Woodruff, All Rights Reserved
E-Mail: Eric@EWoodruff.us

Using LCID &#39;1033&#39;, code page &#39;65001&#39;, encoding charset &#39;UTF-8&#39;.

Processing Help 1 files in C:\Users\Zippy\Videos\Visual Studio 2015\Projects\OrionX\Help\Working\Output\HtmlHelp1
Processed 236 HTML files
Sorting keywords and generating See Also indices
Saving HTML Help 1 keyword index to C:\Users\Zippy\Videos\Visual Studio 2015\Projects\OrionX\Help\Working\Documentation.hhk
Saving HTML Help 1 table of contents to C:\Users\Zippy\Videos\Visual Studio 2015\Projects\OrionX\Help\Working\Documentation.hhc
    Last step completed in 00:00:01.3371
</buildStep>
<buildStep step="CopyStandardHelpContent">
Copying standard help content...
C:\Program Files (x86)\EWSoftware\Sandcastle Help File Builder\PresentationStyles\VS2013\icons\AlertCaution.png -&gt; C:\Users\Zippy\Videos\Visual Studio 2015\Projects\OrionX\Help\Working\Output\HtmlHelp1\icons\AlertCaution.png
C:\Program Files (x86)\EWSoftware\Sandcastle Help File Builder\PresentationStyles\VS2013\icons\AlertNote.png -&gt; C:\Users\Zippy\Videos\Visual Studio 2015\Projects\OrionX\Help\Working\Output\HtmlHelp1\icons\AlertNote.png
C:\Program Files (x86)\EWSoftware\Sandcastle Help File Builder\PresentationStyles\VS2013\icons\AlertSecurity.png -&gt; C:\Users\Zippy\Videos\Visual Studio 2015\Projects\OrionX\Help\Working\Output\HtmlHelp1\icons\AlertSecurity.png
C:\Program Files (x86)\EWSoftware\Sandcastle Help File Builder\PresentationStyles\VS2013\icons\CFW.gif -&gt; C:\Users\Zippy\Videos\Visual Studio 2015\Projects\OrionX\Help\Working\Output\HtmlHelp1\icons\CFW.gif
C:\Program Files (x86)\EWSoftware\Sandcastle Help File Builder\PresentationStyles\VS2013\icons\CodeExample.png -&gt; C:\Users\Zippy\Videos\Visual Studio 2015\Projects\OrionX\Help\Working\Output\HtmlHelp1\icons\CodeExample.png
C:\Program Files (x86)\EWSoftware\Sandcastle Help File Builder\PresentationStyles\VS2013\icons\favicon.ico -&gt; C:\Users\Zippy\Videos\Visual Studio 2015\Projects\OrionX\Help\Working\Output\HtmlHelp1\icons\favicon.ico
C:\Program Files (x86)\EWSoftware\Sandcastle Help File Builder\PresentationStyles\VS2013\icons\privclass.gif -&gt; C:\Users\Zippy\Videos\Visual Studio 2015\Projects\OrionX\Help\Working\Output\HtmlHelp1\icons\privclass.gif
C:\Program Files (x86)\EWSoftware\Sandcastle Help File Builder\PresentationStyles\VS2013\icons\privdelegate.gif -&gt; C:\Users\Zippy\Videos\Visual Studio 2015\Projects\OrionX\Help\Working\Output\HtmlHelp1\icons\privdelegate.gif
C:\Program Files (x86)\EWSoftware\Sandcastle Help File Builder\PresentationStyles\VS2013\icons\privenumeration.gif -&gt; C:\Users\Zippy\Videos\Visual Studio 2015\Projects\OrionX\Help\Working\Output\HtmlHelp1\icons\privenumeration.gif
C:\Program Files (x86)\EWSoftware\Sandcastle Help File Builder\PresentationStyles\VS2013\icons\privevent.gif -&gt; C:\Users\Zippy\Videos\Visual Studio 2015\Projects\OrionX\Help\Working\Output\HtmlHelp1\icons\privevent.gif
C:\Program Files (x86)\EWSoftware\Sandcastle Help File Builder\PresentationStyles\VS2013\icons\privextension.gif -&gt; C:\Users\Zippy\Videos\Visual Studio 2015\Projects\OrionX\Help\Working\Output\HtmlHelp1\icons\privextension.gif
C:\Program Files (x86)\EWSoftware\Sandcastle Help File Builder\PresentationStyles\VS2013\icons\privfield.gif -&gt; C:\Users\Zippy\Videos\Visual Studio 2015\Projects\OrionX\Help\Working\Output\HtmlHelp1\icons\privfield.gif
C:\Program Files (x86)\EWSoftware\Sandcastle Help File Builder\PresentationStyles\VS2013\icons\privinterface.gif -&gt; C:\Users\Zippy\Videos\Visual Studio 2015\Projects\OrionX\Help\Working\Output\HtmlHelp1\icons\privinterface.gif
C:\Program Files (x86)\EWSoftware\Sandcastle Help File Builder\PresentationStyles\VS2013\icons\privmethod.gif -&gt; C:\Users\Zippy\Videos\Visual Studio 2015\Projects\OrionX\Help\Working\Output\HtmlHelp1\icons\privmethod.gif
C:\Program Files (x86)\EWSoftware\Sandcastle Help File Builder\PresentationStyles\VS2013\icons\privproperty.gif -&gt; C:\Users\Zippy\Videos\Visual Studio 2015\Projects\OrionX\Help\Working\Output\HtmlHelp1\icons\privproperty.gif
C:\Program Files (x86)\EWSoftware\Sandcastle Help File Builder\PresentationStyles\VS2013\icons\privstructure.gif -&gt; C:\Users\Zippy\Videos\Visual Studio 2015\Projects\OrionX\Help\Working\Output\HtmlHelp1\icons\privstructure.gif
C:\Program Files (x86)\EWSoftware\Sandcastle Help File Builder\PresentationStyles\VS2013\icons\protclass.gif -&gt; C:\Users\Zippy\Videos\Visual Studio 2015\Projects\OrionX\Help\Working\Output\HtmlHelp1\icons\protclass.gif
C:\Program Files (x86)\EWSoftware\Sandcastle Help File Builder\PresentationStyles\VS2013\icons\protdelegate.gif -&gt; C:\Users\Zippy\Videos\Visual Studio 2015\Projects\OrionX\Help\Working\Output\HtmlHelp1\icons\protdelegate.gif
C:\Program Files (x86)\EWSoftware\Sandcastle Help File Builder\PresentationStyles\VS2013\icons\protenumeration.gif -&gt; C:\Users\Zippy\Videos\Visual Studio 2015\Projects\OrionX\Help\Working\Output\HtmlHelp1\icons\protenumeration.gif
C:\Program Files (x86)\EWSoftware\Sandcastle Help File Builder\PresentationStyles\VS2013\icons\protevent.gif -&gt; C:\Users\Zippy\Videos\Visual Studio 2015\Projects\OrionX\Help\Working\Output\HtmlHelp1\icons\protevent.gif
C:\Program Files (x86)\EWSoftware\Sandcastle Help File Builder\PresentationStyles\VS2013\icons\protextension.gif -&gt; C:\Users\Zippy\Videos\Visual Studio 2015\Projects\OrionX\Help\Working\Output\HtmlHelp1\icons\protextension.gif
C:\Program Files (x86)\EWSoftware\Sandcastle Help File Builder\PresentationStyles\VS2013\icons\protfield.gif -&gt; C:\Users\Zippy\Videos\Visual Studio 2015\Projects\OrionX\Help\Working\Output\HtmlHelp1\icons\protfield.gif
C:\Program Files (x86)\EWSoftware\Sandcastle Help File Builder\PresentationStyles\VS2013\icons\protinterface.gif -&gt; C:\Users\Zippy\Videos\Visual Studio 2015\Projects\OrionX\Help\Working\Output\HtmlHelp1\icons\protinterface.gif
C:\Program Files (x86)\EWSoftware\Sandcastle Help File Builder\PresentationStyles\VS2013\icons\protmethod.gif -&gt; C:\Users\Zippy\Videos\Visual Studio 2015\Projects\OrionX\Help\Working\Output\HtmlHelp1\icons\protmethod.gif
C:\Program Files (x86)\EWSoftware\Sandcastle Help File Builder\PresentationStyles\VS2013\icons\protoperator.gif -&gt; C:\Users\Zippy\Videos\Visual Studio 2015\Projects\OrionX\Help\Working\Output\HtmlHelp1\icons\protoperator.gif
C:\Program Files (x86)\EWSoftware\Sandcastle Help File Builder\PresentationStyles\VS2013\icons\protproperty.gif -&gt; C:\Users\Zippy\Videos\Visual Studio 2015\Projects\OrionX\Help\Working\Output\HtmlHelp1\icons\protproperty.gif
C:\Program Files (x86)\EWSoftware\Sandcastle Help File Builder\PresentationStyles\VS2013\icons\protstructure.gif -&gt; C:\Users\Zippy\Videos\Visual Studio 2015\Projects\OrionX\Help\Working\Output\HtmlHelp1\icons\protstructure.gif
C:\Program Files (x86)\EWSoftware\Sandcastle Help File Builder\PresentationStyles\VS2013\icons\pubclass.gif -&gt; C:\Users\Zippy\Videos\Visual Studio 2015\Projects\OrionX\Help\Working\Output\HtmlHelp1\icons\pubclass.gif
C:\Program Files (x86)\EWSoftware\Sandcastle Help File Builder\PresentationStyles\VS2013\icons\pubdelegate.gif -&gt; C:\Users\Zippy\Videos\Visual Studio 2015\Projects\OrionX\Help\Working\Output\HtmlHelp1\icons\pubdelegate.gif
C:\Program Files (x86)\EWSoftware\Sandcastle Help File Builder\PresentationStyles\VS2013\icons\pubenumeration.gif -&gt; C:\Users\Zippy\Videos\Visual Studio 2015\Projects\OrionX\Help\Working\Output\HtmlHelp1\icons\pubenumeration.gif
C:\Program Files (x86)\EWSoftware\Sandcastle Help File Builder\PresentationStyles\VS2013\icons\pubevent.gif -&gt; C:\Users\Zippy\Videos\Visual Studio 2015\Projects\OrionX\Help\Working\Output\HtmlHelp1\icons\pubevent.gif
C:\Program Files (x86)\EWSoftware\Sandcastle Help File Builder\PresentationStyles\VS2013\icons\pubextension.gif -&gt; C:\Users\Zippy\Videos\Visual Studio 2015\Projects\OrionX\Help\Working\Output\HtmlHelp1\icons\pubextension.gif
C:\Program Files (x86)\EWSoftware\Sandcastle Help File Builder\PresentationStyles\VS2013\icons\pubfield.gif -&gt; C:\Users\Zippy\Videos\Visual Studio 2015\Projects\OrionX\Help\Working\Output\HtmlHelp1\icons\pubfield.gif
C:\Program Files (x86)\EWSoftware\Sandcastle Help File Builder\PresentationStyles\VS2013\icons\pubinterface.gif -&gt; C:\Users\Zippy\Videos\Visual Studio 2015\Projects\OrionX\Help\Working\Output\HtmlHelp1\icons\pubinterface.gif
C:\Program Files (x86)\EWSoftware\Sandcastle Help File Builder\PresentationStyles\VS2013\icons\pubmethod.gif -&gt; C:\Users\Zippy\Videos\Visual Studio 2015\Projects\OrionX\Help\Working\Output\HtmlHelp1\icons\pubmethod.gif
C:\Program Files (x86)\EWSoftware\Sandcastle Help File Builder\PresentationStyles\VS2013\icons\puboperator.gif -&gt; C:\Users\Zippy\Videos\Visual Studio 2015\Projects\OrionX\Help\Working\Output\HtmlHelp1\icons\puboperator.gif
C:\Program Files (x86)\EWSoftware\Sandcastle Help File Builder\PresentationStyles\VS2013\icons\pubproperty.gif -&gt; C:\Users\Zippy\Videos\Visual Studio 2015\Projects\OrionX\Help\Working\Output\HtmlHelp1\icons\pubproperty.gif
C:\Program Files (x86)\EWSoftware\Sandcastle Help File Builder\PresentationStyles\VS2013\icons\pubstructure.gif -&gt; C:\Users\Zippy\Videos\Visual Studio 2015\Projects\OrionX\Help\Working\Output\HtmlHelp1\icons\pubstructure.gif
C:\Program Files (x86)\EWSoftware\Sandcastle Help File Builder\PresentationStyles\VS2013\icons\SectionCollapsed.png -&gt; C:\Users\Zippy\Videos\Visual Studio 2015\Projects\OrionX\Help\Working\Output\HtmlHelp1\icons\SectionCollapsed.png
C:\Program Files (x86)\EWSoftware\Sandcastle Help File Builder\PresentationStyles\VS2013\icons\SectionExpanded.png -&gt; C:\Users\Zippy\Videos\Visual Studio 2015\Projects\OrionX\Help\Working\Output\HtmlHelp1\icons\SectionExpanded.png
C:\Program Files (x86)\EWSoftware\Sandcastle Help File Builder\PresentationStyles\VS2013\icons\slMobile.gif -&gt; C:\Users\Zippy\Videos\Visual Studio 2015\Projects\OrionX\Help\Working\Output\HtmlHelp1\icons\slMobile.gif
C:\Program Files (x86)\EWSoftware\Sandcastle Help File Builder\PresentationStyles\VS2013\icons\static.gif -&gt; C:\Users\Zippy\Videos\Visual Studio 2015\Projects\OrionX\Help\Working\Output\HtmlHelp1\icons\static.gif
C:\Program Files (x86)\EWSoftware\Sandcastle Help File Builder\PresentationStyles\VS2013\icons\xna.gif -&gt; C:\Users\Zippy\Videos\Visual Studio 2015\Projects\OrionX\Help\Working\Output\HtmlHelp1\icons\xna.gif
C:\Program Files (x86)\EWSoftware\Sandcastle Help File Builder\PresentationStyles\VS2013\scripts\branding.js -&gt; C:\Users\Zippy\Videos\Visual Studio 2015\Projects\OrionX\Help\Working\Output\HtmlHelp1\scripts\branding.js
C:\Program Files (x86)\EWSoftware\Sandcastle Help File Builder\PresentationStyles\VS2013\styles\branding-cs-CZ.css -&gt; C:\Users\Zippy\Videos\Visual Studio 2015\Projects\OrionX\Help\Working\Output\HtmlHelp1\styles\branding-cs-CZ.css
C:\Program Files (x86)\EWSoftware\Sandcastle Help File Builder\PresentationStyles\VS2013\styles\branding-de-DE.css -&gt; C:\Users\Zippy\Videos\Visual Studio 2015\Projects\OrionX\Help\Working\Output\HtmlHelp1\styles\branding-de-DE.css
C:\Program Files (x86)\EWSoftware\Sandcastle Help File Builder\PresentationStyles\VS2013\styles\branding-en-US.css -&gt; C:\Users\Zippy\Videos\Visual Studio 2015\Projects\OrionX\Help\Working\Output\HtmlHelp1\styles\branding-en-US.css
C:\Program Files (x86)\EWSoftware\Sandcastle Help File Builder\PresentationStyles\VS2013\styles\branding-es-ES.css -&gt; C:\Users\Zippy\Videos\Visual Studio 2015\Projects\OrionX\Help\Working\Output\HtmlHelp1\styles\branding-es-ES.css
C:\Program Files (x86)\EWSoftware\Sandcastle Help File Builder\PresentationStyles\VS2013\styles\branding-fr-FR.css -&gt; C:\Users\Zippy\Videos\Visual Studio 2015\Projects\OrionX\Help\Working\Output\HtmlHelp1\styles\branding-fr-FR.css
C:\Program Files (x86)\EWSoftware\Sandcastle Help File Builder\PresentationStyles\VS2013\styles\branding-Help1.css -&gt; C:\Users\Zippy\Videos\Visual Studio 2015\Projects\OrionX\Help\Working\Output\HtmlHelp1\styles\branding-Help1.css
C:\Program Files (x86)\EWSoftware\Sandcastle Help File Builder\PresentationStyles\VS2013\styles\branding-HelpViewer.css -&gt; C:\Users\Zippy\Videos\Visual Studio 2015\Projects\OrionX\Help\Working\Output\HtmlHelp1\styles\branding-HelpViewer.css
C:\Program Files (x86)\EWSoftware\Sandcastle Help File Builder\PresentationStyles\VS2013\styles\branding-it-IT.css -&gt; C:\Users\Zippy\Videos\Visual Studio 2015\Projects\OrionX\Help\Working\Output\HtmlHelp1\styles\branding-it-IT.css
C:\Program Files (x86)\EWSoftware\Sandcastle Help File Builder\PresentationStyles\VS2013\styles\branding-ja-JP.css -&gt; C:\Users\Zippy\Videos\Visual Studio 2015\Projects\OrionX\Help\Working\Output\HtmlHelp1\styles\branding-ja-JP.css
C:\Program Files (x86)\EWSoftware\Sandcastle Help File Builder\PresentationStyles\VS2013\styles\branding-ko-KR.css -&gt; C:\Users\Zippy\Videos\Visual Studio 2015\Projects\OrionX\Help\Working\Output\HtmlHelp1\styles\branding-ko-KR.css
C:\Program Files (x86)\EWSoftware\Sandcastle Help File Builder\PresentationStyles\VS2013\styles\branding-pl-PL.css -&gt; C:\Users\Zippy\Videos\Visual Studio 2015\Projects\OrionX\Help\Working\Output\HtmlHelp1\styles\branding-pl-PL.css
C:\Program Files (x86)\EWSoftware\Sandcastle Help File Builder\PresentationStyles\VS2013\styles\branding-pt-BR.css -&gt; C:\Users\Zippy\Videos\Visual Studio 2015\Projects\OrionX\Help\Working\Output\HtmlHelp1\styles\branding-pt-BR.css
C:\Program Files (x86)\EWSoftware\Sandcastle Help File Builder\PresentationStyles\VS2013\styles\branding-ru-RU.css -&gt; C:\Users\Zippy\Videos\Visual Studio 2015\Projects\OrionX\Help\Working\Output\HtmlHelp1\styles\branding-ru-RU.css
C:\Program Files (x86)\EWSoftware\Sandcastle Help File Builder\PresentationStyles\VS2013\styles\branding-tr-TR.css -&gt; C:\Users\Zippy\Videos\Visual Studio 2015\Projects\OrionX\Help\Working\Output\HtmlHelp1\styles\branding-tr-TR.css
C:\Program Files (x86)\EWSoftware\Sandcastle Help File Builder\PresentationStyles\VS2013\styles\branding-Website.css -&gt; C:\Users\Zippy\Videos\Visual Studio 2015\Projects\OrionX\Help\Working\Output\HtmlHelp1\styles\branding-Website.css
C:\Program Files (x86)\EWSoftware\Sandcastle Help File Builder\PresentationStyles\VS2013\styles\branding-zh-CN.css -&gt; C:\Users\Zippy\Videos\Visual Studio 2015\Projects\OrionX\Help\Working\Output\HtmlHelp1\styles\branding-zh-CN.css
C:\Program Files (x86)\EWSoftware\Sandcastle Help File Builder\PresentationStyles\VS2013\styles\branding-zh-TW.css -&gt; C:\Users\Zippy\Videos\Visual Studio 2015\Projects\OrionX\Help\Working\Output\HtmlHelp1\styles\branding-zh-TW.css
C:\Program Files (x86)\EWSoftware\Sandcastle Help File Builder\PresentationStyles\VS2013\styles\branding.css -&gt; C:\Users\Zippy\Videos\Visual Studio 2015\Projects\OrionX\Help\Working\Output\HtmlHelp1\styles\branding.css
    Last step completed in 00:00:00.1400
</buildStep>
<buildStep step="GenerateHelpFormatTableOfContents">
Generating HTML Help 1 table of contents file...
    Last step completed in 00:00:00.0000
</buildStep>
<buildStep step="GenerateHelpFileIndex">
Generating HTML Help 1 index file...
    Last step completed in 00:00:00.0000
</buildStep>
<buildStep step="GenerateHelpProject">
Generating HTML Help 1 project file...
    Last step completed in 00:00:00.0100
</buildStep>
<buildStep step="CompilingHelpFile">
Compiling HTML Help 1 file...
[C:\Windows\Microsoft.NET\Framework64\v4.0.30319\MSBuild.exe - Build1xHelpFile.proj]
  Microsoft HTML Help Compiler 4.74.8702
  
  
  
  Compiling c:\Users\Zippy\Videos\Visual Studio 2015\Projects\OrionX\Help\Working\Output\HtmlHelp1\Documentation.chm
  
  
  
  
  
  Compile time: 0 minutes, 1 second
  
  238	Topics
  
  2,355	Local links
  
  1,082	Internet links
  
  0	Graphics
  
  
  
  
  
  Created c:\Users\Zippy\Videos\Visual Studio 2015\Projects\OrionX\Help\Working\Output\HtmlHelp1\Documentation.chm, 277,649 bytes
  
  Compression decreased file by 1,526,153 bytes.
  
    Last step completed in 00:00:02.4531
</buildStep>
<buildStep step="CleanIntermediates">
Removing intermediate files...
    Last step completed in 00:00:00.2160
</buildStep>
<buildStep step="Completed">

Build completed successfully at 7/01/2016 3:21:08 PM.  Total time: 00:00:35.9693

</buildStep>
</shfbBuild>
